#
# There is insufficient memory for the Java Runtime Environment to continue.
# Native memory allocation (malloc) failed to allocate 1048576 bytes for AllocateHeap
# Possible reasons:
#   The system is out of physical RAM or swap space
#   The process is running with CompressedOops enabled, and the Java Heap may be blocking the growth of the native heap
# Possible solutions:
#   Reduce memory load on the system
#   Increase physical memory or swap space
#   Check if swap backing store is full
#   Decrease Java heap size (-Xmx/-Xms)
#   Decrease number of Java threads
#   Decrease Java thread stack sizes (-Xss)
#   Set larger code cache with -XX:ReservedCodeCacheSize=
#   JVM is running with Unscaled Compressed Oops mode in which the Java heap is
#     placed in the first 4GB address space. The Java Heap base address is the
#     maximum limit for the native heap growth. Please use -XX:HeapBaseMinAddress
#     to set the Java Heap base and to place the Java Heap above 4GB virtual address.
# This output file may be truncated or incomplete.
#
#  Out of Memory Error (allocation.cpp:44), pid=8772, tid=18724
#
# JRE version:  (17.0.12+8) (build )
# Java VM: Java HotSpot(TM) 64-Bit Server VM (17.0.12+8-LTS-286, mixed mode, sharing, tiered, compressed oops, compressed class ptrs, g1 gc, windows-amd64)
# No core dump will be written. Minidumps are not enabled by default on client versions of Windows
#

---------------  S U M M A R Y ------------

Command Line: -Xmx64m -Xms64m -Dorg.gradle.appname=gradlew org.gradle.wrapper.GradleWrapperMain app:installDebug -PreactNativeDevServerPort=8081

Host: Intel(R) Core(TM) i7-10750H CPU @ 2.60GHz, 12 cores, 7G,  Windows 10 , 64 bit Build 19041 (10.0.19041.3636)
Time: Wed Feb 26 18:20:11 2025 SE Asia Standard Time elapsed time: 0.008653 seconds (0d 0h 0m 0s)

---------------  T H R E A D  ---------------

Current thread (0x000002a64de8e3c0):  JavaThread "Unknown thread" [_thread_in_vm, id=18724, stack(0x000000b7cde00000,0x000000b7cdf00000)]

Stack: [0x000000b7cde00000,0x000000b7cdf00000]
Native frames: (J=compiled Java code, j=interpreted, Vv=VM code, C=native code)
V  [jvm.dll+0x67a04a]
V  [jvm.dll+0x7da4ed]
V  [jvm.dll+0x7dbe33]
V  [jvm.dll+0x7dc4a3]
V  [jvm.dll+0x24508f]
V  [jvm.dll+0xa5e2b]
V  [jvm.dll+0x2e22de]
V  [jvm.dll+0x2d9fbb]
V  [jvm.dll+0x7aca21]
V  [jvm.dll+0x367591]
V  [jvm.dll+0x78b999]
V  [jvm.dll+0x3ec83f]
V  [jvm.dll+0x3ee471]
C  [jli.dll+0x5297]
C  [ucrtbase.dll+0x21bb2]
C  [KERNEL32.DLL+0x17344]
C  [ntdll.dll+0x526b1]


---------------  P R O C E S S  ---------------

Threads class SMR info:
_java_thread_list=0x00007fffcede7a18, length=0, elements={
}

Java Threads: ( => current thread )

Other Threads:
  0x000002a64deaec60 GCTaskThread "GC Thread#0" [stack: 0x000000b7cdf00000,0x000000b7ce000000] [id=16288]

[error occurred during error reporting (printing all threads), id 0xc0000005, EXCEPTION_ACCESS_VIOLATION (0xc0000005) at pc=0x00007fffce6170e0]

VM state: not at safepoint (not fully initialized)

VM Mutex/Monitor currently owned by a thread:  ([mutex/lock_event])
[0x000002a64de8a340] Heap_lock - owner thread: 0x000002a64de8e3c0

Heap address: 0x00000000fc000000, size: 64 MB, Compressed Oops mode: 32-bit

CDS archive(s) mapped at: [0x0000000000000000-0x0000000000000000-0x0000000000000000), size 0, SharedBaseAddress: 0x0000000800000000, ArchiveRelocationMode: 1.
Narrow klass base: 0x0000000000000000, Narrow klass shift: 0, Narrow klass range: 0x0

GC Precious Log:
<Empty>

Heap:
 garbage-first heap   total 0K, used 0K [0x00000000fc000000, 0x0000000100000000)
  region size 1024K, 0 young (0K), 0 survivors (0K)

[error occurred during error reporting (printing heap information), id 0xc0000005, EXCEPTION_ACCESS_VIOLATION (0xc0000005) at pc=0x00007fffcea03859]

GC Heap History (0 events):
No events

Deoptimization events (0 events):
No events

Classes unloaded (0 events):
No events

Classes redefined (0 events):
No events

Internal exceptions (0 events):
No events

VM Operations (0 events):
No events

Events (1 events):
Event: 0.004 Loaded shared library C:\Program Files\Java\jdk-17\bin\java.dll


Dynamic libraries:
0x00007ff791c30000 - 0x00007ff791c40000 	C:\Program Files\Java\jdk-17\bin\java.exe
0x00007ff85b6d0000 - 0x00007ff85b8c8000 	C:\Windows\SYSTEM32\ntdll.dll
0x00007ff85b270000 - 0x00007ff85b32d000 	C:\Windows\System32\KERNEL32.DLL
0x00007ff859000000 - 0x00007ff8592f6000 	C:\Windows\System32\KERNELBASE.dll
0x00007ff858f00000 - 0x00007ff859000000 	C:\Windows\System32\ucrtbase.dll
0x00007ff851230000 - 0x00007ff85124b000 	C:\Program Files\Java\jdk-17\bin\VCRUNTIME140.dll
0x00007ff851250000 - 0x00007ff851269000 	C:\Program Files\Java\jdk-17\bin\jli.dll
0x00007ff85a960000 - 0x00007ff85aa13000 	C:\Windows\System32\ADVAPI32.dll
0x00007ff859b10000 - 0x00007ff859bae000 	C:\Windows\System32\msvcrt.dll
0x00007ff85aa30000 - 0x00007ff85aacf000 	C:\Windows\System32\sechost.dll
0x00007ff85a650000 - 0x00007ff85a776000 	C:\Windows\System32\RPCRT4.dll
0x00007ff8594d0000 - 0x00007ff8594f7000 	C:\Windows\System32\bcrypt.dll
0x00007ff8598a0000 - 0x00007ff859a3e000 	C:\Windows\System32\USER32.dll
0x00007ff859400000 - 0x00007ff859422000 	C:\Windows\System32\win32u.dll
0x00007ff8430e0000 - 0x00007ff84337a000 	C:\Windows\WinSxS\amd64_microsoft.windows.common-controls_6595b64144ccf1df_6.0.19041.3636_none_60b6a03d71f818d5\COMCTL32.dll
0x00007ff85a560000 - 0x00007ff85a58c000 	C:\Windows\System32\GDI32.dll
0x00007ff859500000 - 0x00007ff85961a000 	C:\Windows\System32\gdi32full.dll
0x00007ff859430000 - 0x00007ff8594cd000 	C:\Windows\System32\msvcp_win.dll
0x00007ff84dc80000 - 0x00007ff84dc8a000 	C:\Windows\SYSTEM32\VERSION.dll
0x00007ff859bb0000 - 0x00007ff859be0000 	C:\Windows\System32\IMM32.DLL
0x00007ff851220000 - 0x00007ff85122c000 	C:\Program Files\Java\jdk-17\bin\vcruntime140_1.dll
0x00007ff8002b0000 - 0x00007ff80033e000 	C:\Program Files\Java\jdk-17\bin\msvcp140.dll
0x00007fffce330000 - 0x00007fffcef10000 	C:\Program Files\Java\jdk-17\bin\server\jvm.dll
0x00007ff85b170000 - 0x00007ff85b178000 	C:\Windows\System32\PSAPI.DLL
0x00007ff851210000 - 0x00007ff851219000 	C:\Windows\SYSTEM32\WSOCK32.dll
0x00007ff83dae0000 - 0x00007ff83db07000 	C:\Windows\SYSTEM32\WINMM.dll
0x00007ff85b100000 - 0x00007ff85b16b000 	C:\Windows\System32\WS2_32.dll
0x00007ff8575e0000 - 0x00007ff8575f2000 	C:\Windows\SYSTEM32\kernel.appcore.dll
0x00007ff8511e0000 - 0x00007ff8511ea000 	C:\Program Files\Java\jdk-17\bin\jimage.dll
0x00007ff853080000 - 0x00007ff853264000 	C:\Windows\SYSTEM32\DBGHELP.DLL
0x00007ff8465d0000 - 0x00007ff846604000 	C:\Windows\SYSTEM32\dbgcore.DLL
0x00007ff859370000 - 0x00007ff8593f2000 	C:\Windows\System32\bcryptPrimitives.dll
0x00007ff8511b0000 - 0x00007ff8511d5000 	C:\Program Files\Java\jdk-17\bin\java.dll

dbghelp: loaded successfully - version: 4.0.5 - missing functions: none
symbol engine: initialized successfully - sym options: 0x614 - pdb path: .;C:\Program Files\Java\jdk-17\bin;C:\Windows\SYSTEM32;C:\Windows\WinSxS\amd64_microsoft.windows.common-controls_6595b64144ccf1df_6.0.19041.3636_none_60b6a03d71f818d5;C:\Program Files\Java\jdk-17\bin\server

VM Arguments:
jvm_args: -Xmx64m -Xms64m -Dorg.gradle.appname=gradlew 
java_command: org.gradle.wrapper.GradleWrapperMain app:installDebug -PreactNativeDevServerPort=8081
java_class_path (initial): D:\Code-React\Nhaxinh\NhaXinh\android\\gradle\wrapper\gradle-wrapper.jar
Launcher Type: SUN_STANDARD

[Global flags]
     intx CICompilerCount                          = 4                                         {product} {ergonomic}
     uint ConcGCThreads                            = 3                                         {product} {ergonomic}
     uint G1ConcRefinementThreads                  = 10                                        {product} {ergonomic}
   size_t G1HeapRegionSize                         = 1048576                                   {product} {ergonomic}
    uintx GCDrainStackTargetSize                   = 64                                        {product} {ergonomic}
   size_t InitialHeapSize                          = 67108864                                  {product} {command line}
   size_t MarkStackSize                            = 4194304                                   {product} {ergonomic}
   size_t MaxHeapSize                              = 67108864                                  {product} {command line}
   size_t MinHeapDeltaBytes                        = 1048576                                   {product} {ergonomic}
   size_t MinHeapSize                              = 67108864                                  {product} {command line}
    uintx NonNMethodCodeHeapSize                   = 5839372                                {pd product} {ergonomic}
    uintx NonProfiledCodeHeapSize                  = 122909434                              {pd product} {ergonomic}
    uintx ProfiledCodeHeapSize                     = 122909434                              {pd product} {ergonomic}
    uintx ReservedCodeCacheSize                    = 251658240                              {pd product} {ergonomic}
     bool SegmentedCodeCache                       = true                                      {product} {ergonomic}
   size_t SoftMaxHeapSize                          = 67108864                               {manageable} {ergonomic}
     bool UseCompressedClassPointers               = true                           {product lp64_product} {ergonomic}
     bool UseCompressedOops                        = true                           {product lp64_product} {ergonomic}
     bool UseG1GC                                  = true                                      {product} {ergonomic}
     bool UseLargePagesIndividualAllocation        = false                                  {pd product} {ergonomic}

Logging:
Log output configuration:
 #0: stdout all=warning uptime,level,tags
 #1: stderr all=off uptime,level,tags

Environment Variables:
JAVA_HOME=C:\Program Files\Java\jdk-17\
CLASSPATH=D:\Code-React\Nhaxinh\NhaXinh\android\\gradle\wrapper\gradle-wrapper.jar
PATH=D:\Code-React\Nhaxinh\NhaXinh\node_modules\.bin;D:\Code-React\Nhaxinh\NhaXinh\node_modules\.bin;D:\Code-React\Nhaxinh\node_modules\.bin;D:\Code-React\node_modules\.bin;D:\node_modules\.bin;C:\Users\Admin\AppData\Roaming\npm\node_modules\npm\node_modules\@npmcli\run-script\lib\node-gyp-bin;D:\Code-React\Nhaxinh\NhaXinh\node_modules\.bin;D:\Code-React\Nhaxinh\node_modules\.bin;D:\Code-React\node_modules\.bin;D:\node_modules\.bin;C:\Users\Admin\AppData\Roaming\npm\node_modules\npm\node_modules\@npmcli\run-script\lib\node-gyp-bin;C:\Program Files\Common Files\Oracle\Java\javapath;C:\Program Files\Microsoft\jdk-11.0.20.8-hotspot\bin;C:\Program Files (x86)\Common Files\Oracle\Java\javapath;"C:\Windows\system32\C:Windown\;";C:\Windows\;C:\Windows\System32\Wbem;C:\Windows\System32\WindowsPowerShell\v1.0\;C:\Windows\System32\OpenSSH\;C:\Program Files (x86)\NVIDIA Corporation\PhysX\Common;C:\Program Files\NVIDIA Corporation\NVIDIA NvDLISR;C:\Program Files\Microsoft SQL Server\Client SDK\ODBC\110\Tools\Binn\;C:\Program Files (x86)\Microsoft SQL Server\120\Tools\Binn\;C:\Program Files\Microsoft SQL Server\120\Tools\Binn\;C:\Program Files\Microsoft SQL Server\120\DTS\Binn\;C:\Program Files (x86)\Microsoft SQL Server\120\Tools\Binn\ManagementStudio\;C:\Program Files (x86)\Microsoft SQL Server\120\DTS\Binn\;C:\Program Files\Microsoft SQL Server\Client SDK\ODBC\170\Tools\Binn\;C:\Program Files\Azure Data Studio\bin;C:\Program Files\dotnet\;C:\ProgramData\chocolatey\bin;C:\Program Files\Git\cmd;C:\Users\Admin\AppData\Local\nvm;C:\nvm4w\nodejs;C:\Users\Admin\AppData\Local\Microsoft\WindowsApps;C:\Program Files (x86)\Dev-Cpp\MinGW64\bin;C:\Users\Admin\AppData\Local\GitHubDesktop\bin;C:\Program Files\Azure Data Studio\bin;C:\Users\Admin\.dotnet\tools;C:\Users\Admin\AppData\Local\Android\Sdk\emulator;C:\Users\Admin\AppData\Local\Android\Sdk\platform-tools;C:\Users\Admin\AppData\Local\Programs\Microsoft VS Code\bin;C:\Users\Admin\AppData\Roaming\npm;C:\Users\Admin\AppData\Local\JetBrai
USERNAME=Admin
LANG=en_US.UTF-8
OS=Windows_NT
PROCESSOR_IDENTIFIER=Intel64 Family 6 Model 165 Stepping 2, GenuineIntel



---------------  S Y S T E M  ---------------

OS:
 Windows 10 , 64 bit Build 19041 (10.0.19041.3636)
OS uptime: 0 days 4:02 hours

CPU: total 12 (initial active 12) (6 cores per cpu, 2 threads per core) family 6 model 165 stepping 2 microcode 0xf8, cx8, cmov, fxsr, ht, mmx, 3dnowpref, sse, sse2, sse3, ssse3, sse4.1, sse4.2, popcnt, lzcnt, tsc, tscinvbit, avx, avx2, aes, erms, clmul, bmi1, bmi2, adx, fma, vzeroupper, clflush, clflushopt

Memory: 4k page, system-wide physical 7985M (869M free)
TotalPageFile size 17126M (AvailPageFile size 3M)
current process WorkingSet (physical memory assigned to process): 10M, peak: 10M
current process commit charge ("private bytes"): 58M, peak: 59M

vm_info: Java HotSpot(TM) 64-Bit Server VM (17.0.12+8-LTS-286) for windows-amd64 JRE (17.0.12+8-LTS-286), built on Jun  5 2024 06:46:59 by "mach5one" with MS VC++ 17.6 (VS2022)

END.
